****************************************
1. Total 21246 dtp-dts pairs read in.

****************************************
2. After using restriction if dtp:
21235 dtp-dts pairs

****************************************
3. After the first regression:
Vp/Vs = 1.6319

****************************************
4. After the second regression(reomve intercept):
Vp/Vs = 1.6319

****************************************
5. After using restriction if RMS.:
21246 dtp-dts pairs

****************************************
6. After the third regression(reomve intercept):
Vp/Vs = 1.6260

****************************************
7. Bootstrap uncertainty:
Mean Vp/Vs = 1.6260
Std  Vp/Vs = 0.0021
95% CI     = [1.6219, 1.6301]

